<?xml version="1.0" encoding="UTF-8"?>
<!-- Generated by org.testng.reporters.JUnitXMLReporter -->
<testsuite ignored="0" hostname="DESKTOP-GNDE67A" failures="0" tests="9" name="Surefire test" time="95.222" errors="0" timestamp="2022-12-05T11:56:58 EST">
  <testcase classname="com.crm.qa.testcases.ContactPageTest" name="verifyContactsPageLable" time="0.275"/>
  <testcase classname="com.crm.qa.testcases.ContactPageTest" name="selectCheckbox" time="0.252"/>
  <testcase classname="com.crm.qa.testcases.ContactPageTest" name="CreateNewContactTestFromExcel" time="4.537"/>
  <testcase classname="com.crm.qa.testcases.ContactPageTest" name="CreateNewContactTestFromExcel" time="4.374"/>
  <testcase classname="com.crm.qa.testcases.ContactPageTest" name="CreateNewContactTestFromExcel" time="3.722"/>
  <testcase classname="com.crm.qa.testcases.ContactPageTest" name="CreateNewContactTestFromExcel" time="4.052"/>
  <testcase classname="com.crm.qa.testcases.HomePageTest" name="verifyHomePageTitleTest" time="0.015"/>
  <testcase classname="com.crm.qa.testcases.HomePageTest" name="verifyUsernameTest" time="1.026"/>
  <testcase classname="com.crm.qa.testcases.HomePageTest" name="verifyContactsLinkTest" time="0.9"/>
</testsuite> <!-- Surefire test -->
