<?xml version="1.0" encoding="UTF-8"?>
<!-- Generated by org.testng.reporters.JUnitXMLReporter -->
<testsuite ignored="0" hostname="DESKTOP-GNDE67A" failures="0" tests="11" name="Free CRM App test cases" time="86.556" errors="0" timestamp="2022-12-04T12:49:13 EST">
  <testcase classname="com.crm.qa.testcases.LoginPageTest01" name="loginPageGetTitle" time="0.025"/>
  <testcase classname="com.crm.qa.testcases.LoginPageTest01" name="logintest" time="0.428"/>
  <testcase classname="com.crm.qa.testcases.HomePageTest" name="verifyHomePageTitleTest" time="0.014"/>
  <testcase classname="com.crm.qa.testcases.HomePageTest" name="verifyUsernameTest" time="0.773"/>
  <testcase classname="com.crm.qa.testcases.HomePageTest" name="verifyContactsLinkTest" time="0.797"/>
  <testcase classname="com.crm.qa.testcases.ContactPageTest" name="verifyContactsPageLable" time="0.124"/>
  <testcase classname="com.crm.qa.testcases.ContactPageTest" name="selectCheckbox" time="0.296"/>
  <testcase classname="com.crm.qa.testcases.ContactPageTest" name="CreateNewContactTestFromExcel" time="3.503"/>
  <testcase classname="com.crm.qa.testcases.ContactPageTest" name="CreateNewContactTestFromExcel" time="3.49"/>
  <testcase classname="com.crm.qa.testcases.ContactPageTest" name="CreateNewContactTestFromExcel" time="3.67"/>
  <testcase classname="com.crm.qa.testcases.ContactPageTest" name="CreateNewContactTestFromExcel" time="3.529"/>
</testsuite> <!-- Free CRM App test cases -->
