<?xml version="1.0" encoding="UTF-8"?>
<testng-results ignored="0" total="9" passed="9" failed="0" skipped="0">
  <reporter-output>
  </reporter-output>
  <suite started-at="2022-12-05T11:55:23 EST" name="Surefire suite" finished-at="2022-12-05T11:56:58 EST" duration-ms="95222">
    <groups>
    </groups>
    <test started-at="2022-12-05T11:55:23 EST" name="Surefire test" finished-at="2022-12-05T11:56:58 EST" duration-ms="95222">
      <class name="com.crm.qa.testcases.ContactPageTest">
        <test-method is-config="true" signature="setup()[pri:0, instance:com.crm.qa.testcases.ContactPageTest@60704c]" started-at="2022-12-05T11:55:23 EST" name="setup" finished-at="2022-12-05T11:55:35 EST" duration-ms="12333" status="PASS">
          <reporter-output>
          </reporter-output>
        </test-method> <!-- setup -->
        <test-method signature="verifyContactsPageLable()[pri:1, instance:com.crm.qa.testcases.ContactPageTest@60704c]" started-at="2022-12-05T11:55:35 EST" name="verifyContactsPageLable" finished-at="2022-12-05T11:55:35 EST" duration-ms="275" status="PASS">
          <reporter-output>
          </reporter-output>
        </test-method> <!-- verifyContactsPageLable -->
        <test-method is-config="true" signature="teardown()[pri:0, instance:com.crm.qa.testcases.ContactPageTest@60704c]" started-at="2022-12-05T11:55:35 EST" name="teardown" finished-at="2022-12-05T11:55:36 EST" duration-ms="915" status="PASS">
          <reporter-output>
          </reporter-output>
        </test-method> <!-- teardown -->
        <test-method is-config="true" signature="setup()[pri:0, instance:com.crm.qa.testcases.ContactPageTest@60704c]" started-at="2022-12-05T11:55:36 EST" name="setup" finished-at="2022-12-05T11:55:43 EST" duration-ms="6513" status="PASS">
          <reporter-output>
          </reporter-output>
        </test-method> <!-- setup -->
        <test-method signature="selectCheckbox()[pri:2, instance:com.crm.qa.testcases.ContactPageTest@60704c]" started-at="2022-12-05T11:55:43 EST" name="selectCheckbox" finished-at="2022-12-05T11:55:43 EST" duration-ms="252" status="PASS">
          <reporter-output>
          </reporter-output>
        </test-method> <!-- selectCheckbox -->
        <test-method is-config="true" signature="teardown()[pri:0, instance:com.crm.qa.testcases.ContactPageTest@60704c]" started-at="2022-12-05T11:55:43 EST" name="teardown" finished-at="2022-12-05T11:55:44 EST" duration-ms="810" status="PASS">
          <reporter-output>
          </reporter-output>
        </test-method> <!-- teardown -->
        <test-method is-config="true" signature="setup()[pri:0, instance:com.crm.qa.testcases.ContactPageTest@60704c]" started-at="2022-12-05T11:55:45 EST" name="setup" finished-at="2022-12-05T11:55:52 EST" duration-ms="7063" status="PASS">
          <reporter-output>
          </reporter-output>
        </test-method> <!-- setup -->
        <test-method signature="CreateNewContactTestFromExcel(java.lang.String,java.lang.String)[pri:3, instance:com.crm.qa.testcases.ContactPageTest@60704c]" started-at="2022-12-05T11:55:52 EST" name="CreateNewContactTestFromExcel" data-provider="getTestCRMtData" finished-at="2022-12-05T11:55:57 EST" duration-ms="4537" status="PASS">
          <params>
            <param index="0">
              <value>
                <![CDATA[Sanjay]]>
              </value>
            </param>
            <param index="1">
              <value>
                <![CDATA[Gov]]>
              </value>
            </param>
          </params>
          <reporter-output>
          </reporter-output>
        </test-method> <!-- CreateNewContactTestFromExcel -->
        <test-method is-config="true" signature="teardown()[pri:0, instance:com.crm.qa.testcases.ContactPageTest@60704c]" started-at="2022-12-05T11:55:57 EST" name="teardown" finished-at="2022-12-05T11:55:58 EST" duration-ms="818" status="PASS">
          <reporter-output>
          </reporter-output>
        </test-method> <!-- teardown -->
        <test-method is-config="true" signature="setup()[pri:0, instance:com.crm.qa.testcases.ContactPageTest@60704c]" started-at="2022-12-05T11:55:58 EST" name="setup" finished-at="2022-12-05T11:56:06 EST" duration-ms="7795" status="PASS">
          <reporter-output>
          </reporter-output>
        </test-method> <!-- setup -->
        <test-method signature="CreateNewContactTestFromExcel(java.lang.String,java.lang.String)[pri:3, instance:com.crm.qa.testcases.ContactPageTest@60704c]" started-at="2022-12-05T11:56:06 EST" name="CreateNewContactTestFromExcel" data-provider="getTestCRMtData" finished-at="2022-12-05T11:56:10 EST" duration-ms="4374" status="PASS">
          <params>
            <param index="0">
              <value>
                <![CDATA[Chris]]>
              </value>
            </param>
            <param index="1">
              <value>
                <![CDATA[Gore]]>
              </value>
            </param>
          </params>
          <reporter-output>
          </reporter-output>
        </test-method> <!-- CreateNewContactTestFromExcel -->
        <test-method is-config="true" signature="teardown()[pri:0, instance:com.crm.qa.testcases.ContactPageTest@60704c]" started-at="2022-12-05T11:56:10 EST" name="teardown" finished-at="2022-12-05T11:56:11 EST" duration-ms="1017" status="PASS">
          <reporter-output>
          </reporter-output>
        </test-method> <!-- teardown -->
        <test-method is-config="true" signature="setup()[pri:0, instance:com.crm.qa.testcases.ContactPageTest@60704c]" started-at="2022-12-05T11:56:11 EST" name="setup" finished-at="2022-12-05T11:56:18 EST" duration-ms="7371" status="PASS">
          <reporter-output>
          </reporter-output>
        </test-method> <!-- setup -->
        <test-method signature="CreateNewContactTestFromExcel(java.lang.String,java.lang.String)[pri:3, instance:com.crm.qa.testcases.ContactPageTest@60704c]" started-at="2022-12-05T11:56:18 EST" name="CreateNewContactTestFromExcel" data-provider="getTestCRMtData" finished-at="2022-12-05T11:56:22 EST" duration-ms="3722" status="PASS">
          <params>
            <param index="0">
              <value>
                <![CDATA[Ajay]]>
              </value>
            </param>
            <param index="1">
              <value>
                <![CDATA[Jom]]>
              </value>
            </param>
          </params>
          <reporter-output>
          </reporter-output>
        </test-method> <!-- CreateNewContactTestFromExcel -->
        <test-method is-config="true" signature="teardown()[pri:0, instance:com.crm.qa.testcases.ContactPageTest@60704c]" started-at="2022-12-05T11:56:22 EST" name="teardown" finished-at="2022-12-05T11:56:23 EST" duration-ms="762" status="PASS">
          <reporter-output>
          </reporter-output>
        </test-method> <!-- teardown -->
        <test-method is-config="true" signature="setup()[pri:0, instance:com.crm.qa.testcases.ContactPageTest@60704c]" started-at="2022-12-05T11:56:23 EST" name="setup" finished-at="2022-12-05T11:56:30 EST" duration-ms="7488" status="PASS">
          <reporter-output>
          </reporter-output>
        </test-method> <!-- setup -->
        <test-method signature="CreateNewContactTestFromExcel(java.lang.String,java.lang.String)[pri:3, instance:com.crm.qa.testcases.ContactPageTest@60704c]" started-at="2022-12-05T11:56:30 EST" name="CreateNewContactTestFromExcel" data-provider="getTestCRMtData" finished-at="2022-12-05T11:56:34 EST" duration-ms="4052" status="PASS">
          <params>
            <param index="0">
              <value>
                <![CDATA[Vijay]]>
              </value>
            </param>
            <param index="1">
              <value>
                <![CDATA[Shah]]>
              </value>
            </param>
          </params>
          <reporter-output>
          </reporter-output>
        </test-method> <!-- CreateNewContactTestFromExcel -->
        <test-method is-config="true" signature="teardown()[pri:0, instance:com.crm.qa.testcases.ContactPageTest@60704c]" started-at="2022-12-05T11:56:34 EST" name="teardown" finished-at="2022-12-05T11:56:35 EST" duration-ms="797" status="PASS">
          <reporter-output>
          </reporter-output>
        </test-method> <!-- teardown -->
      </class> <!-- com.crm.qa.testcases.ContactPageTest -->
      <class name="com.crm.qa.testcases.HomePageTest">
        <test-method is-config="true" signature="setup()[pri:0, instance:com.crm.qa.testcases.HomePageTest@63a65a25]" started-at="2022-12-05T11:56:35 EST" name="setup" finished-at="2022-12-05T11:56:41 EST" duration-ms="5762" status="PASS">
          <reporter-output>
          </reporter-output>
        </test-method> <!-- setup -->
        <test-method signature="verifyHomePageTitleTest()[pri:1, instance:com.crm.qa.testcases.HomePageTest@63a65a25]" started-at="2022-12-05T11:56:41 EST" name="verifyHomePageTitleTest" finished-at="2022-12-05T11:56:41 EST" duration-ms="15" status="PASS">
          <reporter-output>
          </reporter-output>
        </test-method> <!-- verifyHomePageTitleTest -->
        <test-method is-config="true" signature="teardown()[pri:0, instance:com.crm.qa.testcases.HomePageTest@63a65a25]" started-at="2022-12-05T11:56:41 EST" name="teardown" finished-at="2022-12-05T11:56:42 EST" duration-ms="843" status="PASS">
          <reporter-output>
          </reporter-output>
        </test-method> <!-- teardown -->
        <test-method is-config="true" signature="setup()[pri:0, instance:com.crm.qa.testcases.HomePageTest@63a65a25]" started-at="2022-12-05T11:56:42 EST" name="setup" finished-at="2022-12-05T11:56:48 EST" duration-ms="5856" status="PASS">
          <reporter-output>
          </reporter-output>
        </test-method> <!-- setup -->
        <test-method signature="verifyUsernameTest()[pri:2, instance:com.crm.qa.testcases.HomePageTest@63a65a25]" started-at="2022-12-05T11:56:48 EST" name="verifyUsernameTest" finished-at="2022-12-05T11:56:49 EST" duration-ms="1026" status="PASS">
          <reporter-output>
          </reporter-output>
        </test-method> <!-- verifyUsernameTest -->
        <test-method is-config="true" signature="teardown()[pri:0, instance:com.crm.qa.testcases.HomePageTest@63a65a25]" started-at="2022-12-05T11:56:49 EST" name="teardown" finished-at="2022-12-05T11:56:49 EST" duration-ms="762" status="PASS">
          <reporter-output>
          </reporter-output>
        </test-method> <!-- teardown -->
        <test-method is-config="true" signature="setup()[pri:0, instance:com.crm.qa.testcases.HomePageTest@63a65a25]" started-at="2022-12-05T11:56:49 EST" name="setup" finished-at="2022-12-05T11:56:56 EST" duration-ms="6660" status="PASS">
          <reporter-output>
          </reporter-output>
        </test-method> <!-- setup -->
        <test-method signature="verifyContactsLinkTest()[pri:3, instance:com.crm.qa.testcases.HomePageTest@63a65a25]" started-at="2022-12-05T11:56:56 EST" name="verifyContactsLinkTest" finished-at="2022-12-05T11:56:57 EST" duration-ms="900" status="PASS">
          <reporter-output>
          </reporter-output>
        </test-method> <!-- verifyContactsLinkTest -->
        <test-method is-config="true" signature="teardown()[pri:0, instance:com.crm.qa.testcases.HomePageTest@63a65a25]" started-at="2022-12-05T11:56:57 EST" name="teardown" finished-at="2022-12-05T11:56:58 EST" duration-ms="781" status="PASS">
          <reporter-output>
          </reporter-output>
        </test-method> <!-- teardown -->
      </class> <!-- com.crm.qa.testcases.HomePageTest -->
    </test> <!-- Surefire test -->
  </suite> <!-- Surefire suite -->
</testng-results>
