<?xml version="1.0" encoding="UTF-8"?>
<testsuite xmlns:xsi="http://www.w3.org/2001/XMLSchema-instance" xsi:noNamespaceSchemaLocation="https://maven.apache.org/surefire/maven-surefire-plugin/xsd/surefire-test-report.xsd" name="TestSuite" time="96.078" tests="9" errors="0" skipped="0" failures="0">
  <properties>
[...]
</properties>
  <testcase name="verifyContactsPageLable" classname="com.crm.qa.testcases.ContactPageTest" time="0.278"/>
  <testcase name="selectCheckbox" classname="com.crm.qa.testcases.ContactPageTest" time="0.251"/>
  <testcase name="CreateNewContactTestFromExcel" classname="com.crm.qa.testcases.ContactPageTest" time="4.537"/>
  <testcase name="CreateNewContactTestFromExcel" classname="com.crm.qa.testcases.ContactPageTest" time="4.372"/>
  <testcase name="CreateNewContactTestFromExcel" classname="com.crm.qa.testcases.ContactPageTest" time="3.723"/>
  <testcase name="CreateNewContactTestFromExcel" classname="com.crm.qa.testcases.ContactPageTest" time="4.049"/>
  <testcase name="verifyHomePageTitleTest" classname="com.crm.qa.testcases.HomePageTest" time="0.015"/>
  <testcase name="verifyUsernameTest" classname="com.crm.qa.testcases.HomePageTest" time="1.024"/>
  <testcase name="verifyContactsLinkTest" classname="com.crm.qa.testcases.HomePageTest" time="0.901"/>
</testsuite>